0 info it worked if it ends with ok
1 verbose cli [ '/usr/local/bin/node', '/usr/local/bin/npm', 'test' ]
2 info using npm@3.3.12
3 info using node@v5.2.0
4 verbose stack Error: Failed to parse json
4 verbose stack Unexpected token 'j' at 7:53
4 verbose stack     "test": "mocha './src/**.*.spec.js' --compilers
4 verbose stack                                                    ^
4 verbose stack     at parseError (/usr/local/lib/node_modules/npm/node_modules/read-package-json/read-json.js:379:11)
4 verbose stack     at parseJson (/usr/local/lib/node_modules/npm/node_modules/read-package-json/read-json.js:68:23)
4 verbose stack     at /usr/local/lib/node_modules/npm/node_modules/read-package-json/read-json.js:48:5
4 verbose stack     at /usr/local/lib/node_modules/npm/node_modules/graceful-fs/graceful-fs.js:76:16
4 verbose stack     at tryToString (fs.js:415:3)
4 verbose stack     at FSReqWrap.readFileAfterClose [as oncomplete] (fs.js:402:12)
5 verbose cwd /Volumes/SEAGATE500G/Area52/testingReact/src
6 error Darwin 15.0.0
7 error argv "/usr/local/bin/node" "/usr/local/bin/npm" "test"
8 error node v5.2.0
9 error npm  v3.3.12
10 error file /Volumes/SEAGATE500G/Area52/testingReact/package.json
11 error code EJSONPARSE
12 error Failed to parse json
12 error Unexpected token 'j' at 7:53
12 error     "test": "mocha './src/**.*.spec.js' --compilers
12 error                                                    ^
13 error File: /Volumes/SEAGATE500G/Area52/testingReact/package.json
14 error Failed to parse package.json data.
14 error package.json must be actual JSON, not just JavaScript.
14 error
14 error This is not a bug in npm.
14 error Tell the package author to fix their package.json file. JSON.parse
15 verbose exit [ 1, true ]
